core   0: 3 0x00001000 (0x00000297) x5  0x00001000
core   0: 3 0x00001004 (0x02028593) x11 0x00001020
core   0: 3 0x00001008 (0xf1402573) x10 0x00000000
core   0: 3 0x0000100c (0x0182a283) x5  0x80000080 mem 0x00001018
core   0: 3 0x00001010 (0x00028067)
core   0: 3 0x80000080 (0x40001637) x12 0x40001000
core   0: 3 0x80000084 (0x10460613) x12 0x40001104
core   0: 3 0x80000088 (0x30161073) c769_misa 0x40141104
core   0: 3 0x8000008c (0x0000ce97) x29 0x8000c08c
core   0: 3 0x80000090 (0xbf8e8e93) x29 0x8000bc84
core   0: 3 0x80000094 (0x00000617) x12 0x80000094
core   0: 3 0x80000098 (0xf6c60613) x12 0x80000000
core   0: 3 0x8000009c (0x00166613) x12 0x80000001
core   0: 3 0x800000a0 (0x30561073) c773_mtvec 0x80000001
core   0: 3 0x800000a4 (0x00000617) x12 0x800000a4
core   0: 3 0x800000a8 (0x00c60613) x12 0x800000b0
core   0: 3 0x800000ac (0x34161073) c833_mepc 0x800000b0
core   0: 3 0x800000b0 (0x80000037)
core   0: 3 0x800000b4 (0x0001)
core   0: 3 0x800000b6 (0xfdca50b7) x1  0xfdca5000
core   0: 3 0x800000ba (0xe7208093) x1  0xfdca4e72
core   0: 3 0x800000be (0x412d) x2  0x0000000b
core   0: 3 0x800000c0 (0xc712d1b7) x3  0xc712d000
core   0: 3 0x800000c4 (0xcd118193) x3  0xc712ccd1
core   0: 3 0x800000c8 (0x4219) x4  0x00000006
core   0: 3 0x800000ca (0x42b5) x5  0x0000000d
core   0: 3 0x800000cc (0x80000337) x6  0x80000000
core   0: 3 0x800000d0 (0x4381) x7  0x00000000
core   0: 3 0x800000d2 (0x4401) x8  0x00000000
core   0: 3 0x800000d4 (0xfec7f4b7) x9  0xfec7f000
core   0: 3 0x800000d8 (0xed248493) x9  0xfec7eed2
core   0: 3 0x800000dc (0x80000537) x10 0x80000000
core   0: 3 0x800000e0 (0x800005b7) x11 0x80000000
core   0: 3 0x800000e4 (0x4601) x12 0x00000000
core   0: 3 0x800000e6 (0xfa1196b7) x13 0xfa119000
core   0: 3 0x800000ea (0xc5168693) x13 0xfa118c51
core   0: 3 0x800000ee (0xfc337737) x14 0xfc337000
core   0: 3 0x800000f2 (0x0c370713) x14 0xfc3370c3
core   0: 3 0x800000f6 (0x4781) x15 0x00000000
core   0: 3 0x800000f8 (0x4801) x16 0x00000000
core   0: 3 0x800000fa (0x4899) x17 0x00000006
core   0: 3 0x800000fc (0x80000937) x18 0x80000000
core   0: 3 0x80000100 (0x4991) x19 0x00000004
core   0: 3 0x80000102 (0x4a29) x20 0x0000000a
core   0: 3 0x80000104 (0x4a81) x21 0x00000000
core   0: 3 0x80000106 (0x4b2d) x22 0x0000000b
core   0: 3 0x80000108 (0x4ba9) x23 0x0000000a
core   0: 3 0x8000010a (0x4c01) x24 0x00000000
core   0: 3 0x8000010c (0x4c81) x25 0x00000000
core   0: 3 0x8000010e (0x4d01) x26 0x00000000
core   0: 3 0x80000110 (0xf0b3adb7) x27 0xf0b3a000
core   0: 3 0x80000114 (0x425d8d93) x27 0xf0b3a425
core   0: 3 0x80000118 (0x80000e37) x28 0x80000000
core   0: 3 0x8000011c (0x4f01) x30 0x00000000
core   0: 3 0x8000011e (0x00007f97) x31 0x8000711e
core   0: 3 0x80000122 (0xd46f8f93) x31 0x80006e64
core   0: 3 0x80000126 (0xa009)
core   0: 3 0x80000128 (0x02b6) x5  0x0001a000
core   0: 3 0x8000012a (0x00ba7a63)
core   0: 3 0x8000012e (0x886e) x16 0xf0b3a425
core   0: 3 0x80000130 (0x852e) x10 0x80000000
core   0: 3 0x80000132 (0x0522) x10 0x00000000
core   0: 3 0x80000134 (0x32fcc293) x5  0x0000032f
core   0: 3 0x80000138 (0xb5343713) x14 0x00000001
core   0: 3 0x8000013c (0xc2d9)
core   0: 3 0x8000013e (0x09b7d6b7) x13 0x09b7d000
core   0: 3 0x80000142 (0x0047f9b3) x19 0x00000000
core   0: 3 0x80000146 (0xa273ad13) x26 0x00000000
core   0: 3 0x8000014a (0x071b6c63)
core   0: 3 0x8000014e (0x07456a63)
core   0: 3 0x800001c2 (0x017c23b3) x7  0x00000001
core   0: 3 0x800001c6 (0x00000f17) x30 0x800001c6
core   0: 3 0x800001ca (0x00cf0f13) x30 0x800001d2
core   0: 3 0x800001ce (0x000f0067)
core   0: 3 0x800001d2 (0x4185) x3  0x00000001
core   0: 3 0x80000000 (0x5300106f)
core   0: 3 0x80001530 (0x340f9ff3) x31 0x00000000 c832_mscratch 0x80006e64
core   0: 3 0x80001534 (0x000e8fb3) x31 0x8000bc84
core   0: 3 0x80001538 (0xf84f8f93) x31 0x8000bc08
core   0: 3 0x8000153c (0x001fa223) mem 0x8000bc0c 0xfdca4e72
core   0: 3 0x80001540 (0x002fa423) mem 0x8000bc10 0x0000000b
core   0: 3 0x80001544 (0x003fa623) mem 0x8000bc14 0x00000001
core   0: 3 0x80001548 (0x004fa823) mem 0x8000bc18 0x00000006
core   0: 3 0x8000154c (0x005faa23) mem 0x8000bc1c 0x0000032f
core   0: 3 0x80001550 (0x006fac23) mem 0x8000bc20 0x80000000
core   0: 3 0x80001554 (0x007fae23) mem 0x8000bc24 0x00000001
core   0: 3 0x80001558 (0x028fa023) mem 0x8000bc28 0x00000000
core   0: 3 0x8000155c (0x029fa223) mem 0x8000bc2c 0xfec7eed2
core   0: 3 0x80001560 (0x02afa423) mem 0x8000bc30 0x00000000
core   0: 3 0x80001564 (0x02bfa623) mem 0x8000bc34 0x80000000
core   0: 3 0x80001568 (0x02cfa823) mem 0x8000bc38 0x00000000
core   0: 3 0x8000156c (0x02dfaa23) mem 0x8000bc3c 0x09b7d000
core   0: 3 0x80001570 (0x02efac23) mem 0x8000bc40 0x00000001
core   0: 3 0x80001574 (0x02ffae23) mem 0x8000bc44 0x00000000
core   0: 3 0x80001578 (0x050fa023) mem 0x8000bc48 0xf0b3a425
core   0: 3 0x8000157c (0x051fa223) mem 0x8000bc4c 0x00000006
core   0: 3 0x80001580 (0x052fa423) mem 0x8000bc50 0x80000000
core   0: 3 0x80001584 (0x053fa623) mem 0x8000bc54 0x00000000
core   0: 3 0x80001588 (0x054fa823) mem 0x8000bc58 0x0000000a
core   0: 3 0x8000158c (0x055faa23) mem 0x8000bc5c 0x00000000
core   0: 3 0x80001590 (0x056fac23) mem 0x8000bc60 0x0000000b
core   0: 3 0x80001594 (0x057fae23) mem 0x8000bc64 0x0000000a
core   0: 3 0x80001598 (0x078fa023) mem 0x8000bc68 0x00000000
core   0: 3 0x8000159c (0x079fa223) mem 0x8000bc6c 0x00000000
core   0: 3 0x800015a0 (0x07afa423) mem 0x8000bc70 0x00000000
core   0: 3 0x800015a4 (0x07bfa623) mem 0x8000bc74 0xf0b3a425
core   0: 3 0x800015a8 (0x07cfa823) mem 0x8000bc78 0x80000000
core   0: 3 0x800015ac (0x07dfaa23) mem 0x8000bc7c 0x8000bc84
core   0: 3 0x800015b0 (0x07efac23) mem 0x8000bc80 0x800001d2
core   0: 3 0x800015b4 (0x07ffae23) mem 0x8000bc84 0x8000bc08
core   0: 3 0x800015b8 (0x34102673) x12 0x800001d4
core   0: 3 0x800015bc (0x34202673) x12 0x0000000b
core   0: 3 0x800015c0 (0x4bad) x23 0x0000000b
core   0: 3 0x800015c2 (0x01760d63)
core   0: 3 0x800015dc (0xfffff617) x12 0x800005dc
core   0: 3 0x800015e0 (0xaa460613) x12 0x80000080
core   0: 3 0x800015e4 (0x00062023) mem 0x80000080 0x00000000
core   0: 3 0x800015e8 (0x00162223) mem 0x80000084 0xfdca4e72
core   0: 3 0x800015ec (0x00262423) mem 0x80000088 0x0000000b
core   0: 3 0x800015f0 (0x00362623) mem 0x8000008c 0x00000001
core   0: 3 0x800015f4 (0x00462823) mem 0x80000090 0x00000006
core   0: 3 0x800015f8 (0x00562a23) mem 0x80000094 0x0000032f
core   0: 3 0x800015fc (0x00662c23) mem 0x80000098 0x80000000
core   0: 3 0x80001600 (0x00762e23) mem 0x8000009c 0x00000001
core   0: 3 0x80001604 (0xd200) mem 0x800000a0 0x00000000
core   0: 3 0x80001606 (0xd244) mem 0x800000a4 0xfec7eed2
core   0: 3 0x80001608 (0xd608) mem 0x800000a8 0x00000000
core   0: 3 0x8000160a (0xd64c) mem 0x800000ac 0x80000000
core   0: 3 0x8000160c (0xda10) mem 0x800000b0 0x80000080
core   0: 3 0x8000160e (0xda54) mem 0x800000b4 0x09b7d000
core   0: 3 0x80001610 (0xde18) mem 0x800000b8 0x00000001
core   0: 3 0x80001612 (0xde5c) mem 0x800000bc 0x00000000
core   0: 3 0x80001614 (0x05062023) mem 0x800000c0 0xf0b3a425
core   0: 3 0x80001618 (0x05162223) mem 0x800000c4 0x00000006
core   0: 3 0x8000161c (0x05262423) mem 0x800000c8 0x80000000
core   0: 3 0x80001620 (0x05362623) mem 0x800000cc 0x00000000
core   0: 3 0x80001624 (0x05462823) mem 0x800000d0 0x0000000a
core   0: 3 0x80001628 (0x05562a23) mem 0x800000d4 0x00000000
core   0: 3 0x8000162c (0x05662c23) mem 0x800000d8 0x0000000b
core   0: 3 0x80001630 (0x05762e23) mem 0x800000dc 0x0000000b
core   0: 3 0x80001634 (0x07862023) mem 0x800000e0 0x00000000
core   0: 3 0x80001638 (0x07962223) mem 0x800000e4 0x00000000
core   0: 3 0x8000163c (0x07a62423) mem 0x800000e8 0x00000000
core   0: 3 0x80001640 (0x07b62623) mem 0x800000ec 0xf0b3a425
core   0: 3 0x80001644 (0x07c62823) mem 0x800000f0 0x80000000
core   0: 3 0x80001648 (0x07d62a23) mem 0x800000f4 0x8000bc84
core   0: 3 0x8000164c (0x07e62c23) mem 0x800000f8 0x800001d2
core   0: 3 0x80001650 (0x07f62e23) mem 0x800000fc 0x8000bc08
core   0: 3 0x80001654 (0x34102673) x12 0x800001d4
core   0: 3 0x80001658 (0x0611) x12 0x800001d8
core   0: 3 0x8000165a (0x34161073) c833_mepc 0x800001d8
core   0: 3 0x8000165e (0x30200073) c768_mstatus 0x00000080 c784_mstatush 0x00000000
core   0: 3 0x800001d8 (0x00002f17) x30 0x800021d8
core   0: 3 0x800001dc (0xe23f2423) mem 0x80002000 0x00000001
